C:\Program Files (x86)\Microsoft Visual Studio\2019\Community\MSBuild\Microsoft\VC\v160\Microsoft.CppBuild.targets(513,5): warning MSB8028: El directorio intermedio (x64\Release\) contiene archivos compartidos de otro proyecto (EJ01-Histograma.vcxproj). Esto puede dar lugar a un comportamiento incorrecto de limpieza y recompilación.
  Compiling CUDA source file histogram_functions.cu...
  Compiling CUDA source file main.cu...
  Compiling CUDA source file image_operations.cu...
  
  
  D:\DEV\ws_git\unsa-phd-imageproc\EJ01-Histograma\EJ01-Histograma>"C:\Program Files\NVIDIA GPU Computing Toolkit\CUDA\v11.4\bin\nvcc.exe" -gencode=arch=compute_35,code=\"sm_35,compute_35\" -gencode=arch=compute_37,code=\"sm_37,compute_37\" -gencode=arch=compute_50,code=\"sm_50,compute_50\" -gencode=arch=compute_52,code=\"sm_52,compute_52\" -gencode=arch=compute_60,code=\"sm_60,compute_60\" -gencode=arch=compute_61,code=\"sm_61,compute_61\" -gencode=arch=compute_70,code=\"sm_70,compute_70\" -gencode=arch=compute_75,code=\"sm_75,compute_75\" -gencode=arch=compute_80,code=\"sm_80,compute_80\" -gencode=arch=compute_86,code=\"sm_86,compute_86\" --use-local-env -ccbin "C:\Program Files (x86)\Microsoft Visual Studio\2019\Community\VC\Tools\MSVC\14.29.30133\bin\HostX86\x64" -x cu   -I"C:\Program Files\NVIDIA GPU Computing Toolkit\CUDA\v11.4\include" -I"C:\Program Files\NVIDIA GPU Computing Toolkit\CUDA\v11.4\include"     --keep-dir x64\Release  -maxrregcount=0  --machine 64 --compile -cudart static    -DWIN32 -DWIN64 -DNDEBUG -D_CONSOLE -D_MBCS -Xcompiler "/EHsc /W3 /nologo /O2 /Fdx64\Release\vc142.pdb /FS   /MD " -o x64\Release\histogram_functions.cu.obj "D:\DEV\ws_git\unsa-phd-imageproc\EJ01-Histograma\EJ01-Histograma\histogram_functions.cu" 
  D:\DEV\ws_git\unsa-phd-imageproc\EJ01-Histograma\EJ01-Histograma>"C:\Program Files\NVIDIA GPU Computing Toolkit\CUDA\v11.4\bin\nvcc.exe" -gencode=arch=compute_35,code=\"sm_35,compute_35\" -gencode=arch=compute_37,code=\"sm_37,compute_37\" -gencode=arch=compute_50,code=\"sm_50,compute_50\" -gencode=arch=compute_52,code=\"sm_52,compute_52\" -gencode=arch=compute_60,code=\"sm_60,compute_60\" -gencode=arch=compute_61,code=\"sm_61,compute_61\" -gencode=arch=compute_70,code=\"sm_70,compute_70\" -gencode=arch=compute_75,code=\"sm_75,compute_75\" -gencode=arch=compute_80,code=\"sm_80,compute_80\" -gencode=arch=compute_86,code=\"sm_86,compute_86\" --use-local-env -ccbin "C:\Program Files (x86)\Microsoft Visual Studio\2019\Community\VC\Tools\MSVC\14.29.30133\bin\HostX86\x64" -x cu   -I"C:\Program Files\NVIDIA GPU Computing Toolkit\CUDA\v11.4\include" -I"C:\Program Files\NVIDIA GPU Computing Toolkit\CUDA\v11.4\include"     --keep-dir x64\Release  -maxrregcount=0  --machine 64 --compile -cudart static    -DWIN32 -DWIN64 -DNDEBUG -D_CONSOLE -D_MBCS -Xcompiler "/EHsc /W3 /nologo /O2 /Fdx64\Release\vc142.pdb /FS   /MD " -o x64\Release\main.cu.obj "D:\DEV\ws_git\unsa-phd-imageproc\EJ01-Histograma\EJ01-Histograma\main.cu" 
  
  D:\DEV\ws_git\unsa-phd-imageproc\EJ01-Histograma\EJ01-Histograma>"C:\Program Files\NVIDIA GPU Computing Toolkit\CUDA\v11.4\bin\nvcc.exe" -gencode=arch=compute_35,code=\"sm_35,compute_35\" -gencode=arch=compute_37,code=\"sm_37,compute_37\" -gencode=arch=compute_50,code=\"sm_50,compute_50\" -gencode=arch=compute_52,code=\"sm_52,compute_52\" -gencode=arch=compute_60,code=\"sm_60,compute_60\" -gencode=arch=compute_61,code=\"sm_61,compute_61\" -gencode=arch=compute_70,code=\"sm_70,compute_70\" -gencode=arch=compute_75,code=\"sm_75,compute_75\" -gencode=arch=compute_80,code=\"sm_80,compute_80\" -gencode=arch=compute_86,code=\"sm_86,compute_86\" --use-local-env -ccbin "C:\Program Files (x86)\Microsoft Visual Studio\2019\Community\VC\Tools\MSVC\14.29.30133\bin\HostX86\x64" -x cu   -I"C:\Program Files\NVIDIA GPU Computing Toolkit\CUDA\v11.4\include" -I"C:\Program Files\NVIDIA GPU Computing Toolkit\CUDA\v11.4\include"     --keep-dir x64\Release  -maxrregcount=0  --machine 64 --compile -cudart static    -DWIN32 -DWIN64 -DNDEBUG -D_CONSOLE -D_MBCS -Xcompiler "/EHsc /W3 /nologo /O2 /Fdx64\Release\vc142.pdb /FS   /MD " -o x64\Release\image_operations.cu.obj "D:\DEV\ws_git\unsa-phd-imageproc\EJ01-Histograma\EJ01-Histograma\image_operations.cu" 
d:\dev\ws_git\unsa-phd-imageproc\ej01-histograma\ej01-histograma\image_operations.cu(161): warning : variable "pos" was declared but never referenced
  
d:\dev\ws_git\unsa-phd-imageproc\ej01-histograma\ej01-histograma\image_operations.cu(194): warning : variable "h_filter_med" is used before its value is set
  
d:\dev\ws_git\unsa-phd-imageproc\ej01-histograma\ej01-histograma\image_operations.cu(195): warning : variable "h_filter_sob" is used before its value is set
  
d:\dev\ws_git\unsa-phd-imageproc\ej01-histograma\ej01-histograma\image_operations.cu(161): warning : variable "pos" was declared but never referenced
  
d:\dev\ws_git\unsa-phd-imageproc\ej01-histograma\ej01-histograma\image_operations.cu(194): warning : variable "h_filter_med" is used before its value is set
  
d:\dev\ws_git\unsa-phd-imageproc\ej01-histograma\ej01-histograma\image_operations.cu(195): warning : variable "h_filter_sob" is used before its value is set
  
d:\dev\ws_git\unsa-phd-imageproc\ej01-histograma\ej01-histograma\image_operations.cu(161): warning : variable "pos" was declared but never referenced
  
d:\dev\ws_git\unsa-phd-imageproc\ej01-histograma\ej01-histograma\image_operations.cu(194): warning : variable "h_filter_med" is used before its value is set
  
d:\dev\ws_git\unsa-phd-imageproc\ej01-histograma\ej01-histograma\image_operations.cu(195): warning : variable "h_filter_sob" is used before its value is set
  
d:\dev\ws_git\unsa-phd-imageproc\ej01-histograma\ej01-histograma\image_operations.cu(161): warning : variable "pos" was declared but never referenced
  
d:\dev\ws_git\unsa-phd-imageproc\ej01-histograma\ej01-histograma\image_operations.cu(194): warning : variable "h_filter_med" is used before its value is set
  
d:\dev\ws_git\unsa-phd-imageproc\ej01-histograma\ej01-histograma\image_operations.cu(195): warning : variable "h_filter_sob" is used before its value is set
  
d:\dev\ws_git\unsa-phd-imageproc\ej01-histograma\ej01-histograma\image_operations.cu(161): warning : variable "pos" was declared but never referenced
  
d:\dev\ws_git\unsa-phd-imageproc\ej01-histograma\ej01-histograma\image_operations.cu(194): warning : variable "h_filter_med" is used before its value is set
  
d:\dev\ws_git\unsa-phd-imageproc\ej01-histograma\ej01-histograma\image_operations.cu(195): warning : variable "h_filter_sob" is used before its value is set
  
d:\dev\ws_git\unsa-phd-imageproc\ej01-histograma\ej01-histograma\image_operations.cu(161): warning : variable "pos" was declared but never referenced
  
d:\dev\ws_git\unsa-phd-imageproc\ej01-histograma\ej01-histograma\image_operations.cu(194): warning : variable "h_filter_med" is used before its value is set
  
d:\dev\ws_git\unsa-phd-imageproc\ej01-histograma\ej01-histograma\image_operations.cu(195): warning : variable "h_filter_sob" is used before its value is set
  
d:\dev\ws_git\unsa-phd-imageproc\ej01-histograma\ej01-histograma\image_operations.cu(161): warning : variable "pos" was declared but never referenced
  
d:\dev\ws_git\unsa-phd-imageproc\ej01-histograma\ej01-histograma\image_operations.cu(194): warning : variable "h_filter_med" is used before its value is set
  
d:\dev\ws_git\unsa-phd-imageproc\ej01-histograma\ej01-histograma\image_operations.cu(195): warning : variable "h_filter_sob" is used before its value is set
  
d:\dev\ws_git\unsa-phd-imageproc\ej01-histograma\ej01-histograma\image_operations.cu(161): warning : variable "pos" was declared but never referenced
  
d:\dev\ws_git\unsa-phd-imageproc\ej01-histograma\ej01-histograma\image_operations.cu(194): warning : variable "h_filter_med" is used before its value is set
  
d:\dev\ws_git\unsa-phd-imageproc\ej01-histograma\ej01-histograma\image_operations.cu(195): warning : variable "h_filter_sob" is used before its value is set
  
d:\dev\ws_git\unsa-phd-imageproc\ej01-histograma\ej01-histograma\image_operations.cu(161): warning : variable "pos" was declared but never referenced
  
d:\dev\ws_git\unsa-phd-imageproc\ej01-histograma\ej01-histograma\image_operations.cu(194): warning : variable "h_filter_med" is used before its value is set
  
d:\dev\ws_git\unsa-phd-imageproc\ej01-histograma\ej01-histograma\image_operations.cu(195): warning : variable "h_filter_sob" is used before its value is set
  
d:\dev\ws_git\unsa-phd-imageproc\ej01-histograma\ej01-histograma\image_operations.cu(161): warning : variable "pos" was declared but never referenced
  
d:\dev\ws_git\unsa-phd-imageproc\ej01-histograma\ej01-histograma\image_operations.cu(194): warning : variable "h_filter_med" is used before its value is set
  
d:\dev\ws_git\unsa-phd-imageproc\ej01-histograma\ej01-histograma\image_operations.cu(195): warning : variable "h_filter_sob" is used before its value is set
  
CUDACOMPILE : nvcc warning : The 'compute_35', 'compute_37', 'compute_50', 'sm_35', 'sm_37' and 'sm_50' architectures are deprecated, and may be removed in a future release (Use -Wno-deprecated-gpu-targets to suppress warning).
  histogram_functions.cu
d:\dev\ws_git\unsa-phd-imageproc\ej01-histograma\ej01-histograma\image_operations.cu(194): warning : variable "h_filter_med" is used before its value is set
  
d:\dev\ws_git\unsa-phd-imageproc\ej01-histograma\ej01-histograma\image_operations.cu(195): warning : variable "h_filter_sob" is used before its value is set
  
CUDACOMPILE : nvcc warning : The 'compute_35', 'compute_37', 'compute_50', 'sm_35', 'sm_37' and 'sm_50' architectures are deprecated, and may be removed in a future release (Use -Wno-deprecated-gpu-targets to suppress warning).
  image_operations.cu
d:\dev\ws_git\unsa-phd-imageproc\ej01-histograma\ej01-histograma\histogram_functions.cu(196): warning C4244: '=': conversión de 'double' a 'int'; posible pérdida de datos
d:\dev\ws_git\unsa-phd-imageproc\ej01-histograma\ej01-histograma\image_operations.cu(194): warning C4700: se utilizó la variable local 'h_filter_med' sin inicializar
d:\dev\ws_git\unsa-phd-imageproc\ej01-histograma\ej01-histograma\image_operations.cu(195): warning C4700: se utilizó la variable local 'h_filter_sob' sin inicializar
CUDACOMPILE : nvcc warning : The 'compute_35', 'compute_37', 'compute_50', 'sm_35', 'sm_37' and 'sm_50' architectures are deprecated, and may be removed in a future release (Use -Wno-deprecated-gpu-targets to suppress warning).
  main.cu
  helpers.cpp
D:\DEV\ws_git\unsa-phd-imageproc\EJ01-Histograma\EJ01-Histograma\helpers.cpp(33,43): warning C4244: '=': conversión de 'double' a 'int'; posible pérdida de datos
     Creando biblioteca D:\DEV\ws_git\unsa-phd-imageproc\EJ01-Histograma\x64\Release\ListaEjercicios.lib y objeto D:\DEV\ws_git\unsa-phd-imageproc\EJ01-Histograma\x64\Release\ListaEjercicios.exp
  Generando código
  Previous IPDB not found, fall back to full compilation.
  All 81 functions were compiled because no usable IPDB/IOBJ from previous compilation was found.
  Generación de código finalizada
  EJ01-Histograma.vcxproj -> D:\DEV\ws_git\unsa-phd-imageproc\EJ01-Histograma\x64\Release\ListaEjercicios.exe
