d:\dev\ws_git\unsa-phd-imageproc\ej01-histograma\ej01-histograma\x64\release\vc142.pdb
d:\dev\ws_git\unsa-phd-imageproc\ej01-histograma\ej01-histograma\x64\release\helpers.obj
x64\release\histogram_functions.cu.obj
x64\release\image_operations.cu.obj
x64\release\main.cu.obj
d:\dev\ws_git\unsa-phd-imageproc\ej01-histograma\x64\release\ej01-histograma.lib
d:\dev\ws_git\unsa-phd-imageproc\ej01-histograma\x64\release\ej01-histograma.exp
d:\dev\ws_git\unsa-phd-imageproc\ej01-histograma\x64\release\ej01-histograma.exe
d:\dev\ws_git\unsa-phd-imageproc\ej01-histograma\ej01-histograma\x64\release\ej01-histograma.iobj
d:\dev\ws_git\unsa-phd-imageproc\ej01-histograma\x64\release\ej01-histograma.pdb
d:\dev\ws_git\unsa-phd-imageproc\ej01-histograma\ej01-histograma\x64\release\histogram_functions.cu.cache
d:\dev\ws_git\unsa-phd-imageproc\ej01-histograma\ej01-histograma\x64\release\image_operations.cu.cache
d:\dev\ws_git\unsa-phd-imageproc\ej01-histograma\ej01-histograma\x64\release\main.cu.cache
d:\dev\ws_git\unsa-phd-imageproc\ej01-histograma\ej01-histograma\x64\release\histogram_functions.cu.obj
d:\dev\ws_git\unsa-phd-imageproc\ej01-histograma\ej01-histograma\x64\release\image_operations.cu.obj
d:\dev\ws_git\unsa-phd-imageproc\ej01-histograma\ej01-histograma\x64\release\main.cu.obj
d:\dev\ws_git\unsa-phd-imageproc\ej01-histograma\ej01-histograma\x64\release\ej01-histograma.ipdb
d:\dev\ws_git\unsa-phd-imageproc\ej01-histograma\ej01-histograma\x64\release\ej01-histograma.tlog\cl.command.1.tlog
d:\dev\ws_git\unsa-phd-imageproc\ej01-histograma\ej01-histograma\x64\release\ej01-histograma.tlog\cl.read.1.tlog
d:\dev\ws_git\unsa-phd-imageproc\ej01-histograma\ej01-histograma\x64\release\ej01-histograma.tlog\cl.write.1.tlog
d:\dev\ws_git\unsa-phd-imageproc\ej01-histograma\ej01-histograma\x64\release\ej01-histograma.tlog\cudacompile.read.1u.tlog
d:\dev\ws_git\unsa-phd-imageproc\ej01-histograma\ej01-histograma\x64\release\ej01-histograma.tlog\cudacompile.write.1u.tlog
d:\dev\ws_git\unsa-phd-imageproc\ej01-histograma\ej01-histograma\x64\release\ej01-histograma.tlog\ej01-histograma.write.1u.tlog
d:\dev\ws_git\unsa-phd-imageproc\ej01-histograma\ej01-histograma\x64\release\ej01-histograma.tlog\link.command.1.tlog
d:\dev\ws_git\unsa-phd-imageproc\ej01-histograma\ej01-histograma\x64\release\ej01-histograma.tlog\link.read.1.tlog
d:\dev\ws_git\unsa-phd-imageproc\ej01-histograma\ej01-histograma\x64\release\ej01-histograma.tlog\link.write.1.tlog
